*** Using Compiler 'V5.06 update 7 (build 960)', folder: 'D:\APP\Keil5\ARM\ARMCC\Bin'
Rebuild target 'rivers_osal'
assembling startup_stm32f407xx.s...
compiling dma.c...
compiling stm32f4xx_hal_timebase_tim.c...
compiling stm32f4xx_hal_msp.c...
compiling gpio.c...
compiling stm32f4xx_it.c...
compiling usart.c...
compiling main.c...
compiling stm32f4xx_hal_tim_ex.c...
compiling stm32f4xx_hal_rcc.c...
compiling stm32f4xx_hal_uart.c...
compiling stm32f4xx_hal_tim.c...
compiling stm32f4xx_hal_cortex.c...
compiling stm32f4xx_hal_pwr.c...
compiling stm32f4xx_hal_pwr_ex.c...
compiling stm32f4xx_hal_dma.c...
compiling stm32f4xx_hal_flash_ex.c...
compiling stm32f4xx_hal_gpio.c...
compiling stm32f4xx_hal_flash_ramfunc.c...
compiling stm32f4xx_hal_flash.c...
compiling stm32f4xx_hal.c...
compiling stm32f4xx_hal_rcc_ex.c...
compiling osal_irq.c...
compiling stm32f4xx_hal_dma_ex.c...
compiling SEGGER_RTT_printf.c...
compiling SEGGER_RTT.c...
compiling system_stm32f4xx.c...
compiling stm32f4xx_hal_exti.c...
compiling osal_task.c...
compiling osal_cortexm.c...
compiling osal_mem.c...
compiling osal_platform_stm32f4.c...
compiling periph_flash.c...
compiling periph_uart.c...
compiling osal_queue.c...
compiling osal_timer.c...
linking...
Program Size: Code=13612 RO-data=572 RW-data=196 ZI-data=6788  
FromELF: creating hex file...
"rivers_osal\rivers_osal.axf" - 0 Error(s), 0 Warning(s).
Build Time Elapsed:  00:00:22
